2024-04-09 17:20:03.082 [info] Extension host with pid 12791 started
2024-04-09 17:20:03.097 [info] ExtensionService#_doActivateExtension vscode.git-base, startup: true, activationEvent: '*', root cause: vscode.git
2024-04-09 17:20:03.119 [info] ExtensionService#_doActivateExtension vscode.git, startup: true, activationEvent: '*'
2024-04-09 17:20:03.164 [info] ExtensionService#_doActivateExtension vscode.github, startup: true, activationEvent: '*'
2024-04-09 17:20:03.231 [info] Eager extensions activated
2024-04-09 17:20:03.239 [info] ExtensionService#_doActivateExtension vscode.debug-auto-launch, startup: false, activationEvent: 'onStartupFinished'
2024-04-09 17:20:03.241 [info] ExtensionService#_doActivateExtension vscode.merge-conflict, startup: false, activationEvent: 'onStartupFinished'
2024-04-09 17:23:25.835 [info] Extension host terminating: renderer closed the MessagePort
2024-04-09 17:23:25.841 [info] Extension host with pid 12791 exiting with code 0
2024-04-09 17:23:26.541 [info] Extension host with pid 13140 started
2024-04-09 17:23:26.541 [info] Skipping acquiring lock for /home/essbot/.config/Code/User/workspaceStorage/2ecee1b8c015498068cd43269db2021d.
2024-04-09 17:23:26.547 [info] ExtensionService#_doActivateExtension vscode.git-base, startup: true, activationEvent: '*'
2024-04-09 17:23:26.570 [info] ExtensionService#_doActivateExtension vscode.github, startup: true, activationEvent: '*'
2024-04-09 17:23:26.580 [info] Eager extensions activated
2024-04-09 17:23:26.581 [info] ExtensionService#_doActivateExtension vscode.debug-auto-launch, startup: false, activationEvent: 'onStartupFinished'
2024-04-09 17:23:26.582 [info] ExtensionService#_doActivateExtension vscode.merge-conflict, startup: false, activationEvent: 'onStartupFinished'
2024-04-09 17:23:28.614 [info] ExtensionService#_doActivateExtension vscode.git, startup: false, activationEvent: 'api', root cause: vscode.github
2024-04-09 17:23:28.693 [info] ExtensionService#_doActivateExtension vscode.github-authentication, startup: false, activationEvent: 'onAuthenticationRequest:github'
2024-04-09 17:23:30.364 [info] ExtensionService#_doActivateExtension vscode.emmet, startup: false, activationEvent: 'onLanguage'
2024-04-09 17:23:49.821 [info] ExtensionService#_doActivateExtension vscode.extension-editing, startup: false, activationEvent: 'onLanguage:markdown'
2024-04-09 17:23:49.832 [info] ExtensionService#_doActivateExtension vscode.markdown-language-features, startup: false, activationEvent: 'onLanguage:markdown'
2024-04-09 17:23:50.080 [info] ExtensionService#_doActivateExtension vscode.markdown-math, startup: false, activationEvent: 'api', root cause: vscode.markdown-language-features
2024-04-09 17:31:39.188 [info] Extension host terminating: renderer closed the MessagePort
2024-04-09 17:31:39.195 [error] Canceled: Canceled
	at new O (/usr/share/code/resources/app/out/vs/workbench/api/node/extensionHostProcess.js:142:46998)
	at h.U (/usr/share/code/resources/app/out/vs/workbench/api/node/extensionHostProcess.js:149:5539)
	at T.<computed>.F.charCodeAt.T.<computed> (/usr/share/code/resources/app/out/vs/workbench/api/node/extensionHostProcess.js:149:2993)
	at d.g (/usr/share/code/resources/app/out/vs/workbench/api/node/extensionHostProcess.js:152:186335)
	at d.executeCommand (/usr/share/code/resources/app/out/vs/workbench/api/node/extensionHostProcess.js:152:185773)
	at E.registerCommand.description (/usr/share/code/resources/app/out/vs/workbench/api/node/extensionHostProcess.js:152:185097)
	at d.h (/usr/share/code/resources/app/out/vs/workbench/api/node/extensionHostProcess.js:152:186874)
	at d.g (/usr/share/code/resources/app/out/vs/workbench/api/node/extensionHostProcess.js:152:185866)
	at d.executeCommand (/usr/share/code/resources/app/out/vs/workbench/api/node/extensionHostProcess.js:152:185773)
	at Object.executeCommand (/usr/share/code/resources/app/out/vs/workbench/api/node/extensionHostProcess.js:162:22984)
	at a.O [as value] (/usr/share/code/resources/app/extensions/git/dist/main.js:2:945802)
	at s.y (/usr/share/code/resources/app/out/vs/workbench/api/node/extensionHostProcess.js:82:659)
	at s.z (/usr/share/code/resources/app/out/vs/workbench/api/node/extensionHostProcess.js:82:729)
	at s.fire (/usr/share/code/resources/app/out/vs/workbench/api/node/extensionHostProcess.js:82:945)
	at Object.m [as dispose] (/usr/share/code/resources/app/extensions/git/dist/main.js:2:964886)
	at /usr/share/code/resources/app/extensions/git/dist/main.js:2:970920
	at Array.forEach (<anonymous>)
	at f.dispose (/usr/share/code/resources/app/extensions/git/dist/main.js:2:970906)
	at o.<anonymous> (/usr/share/code/resources/app/out/vs/workbench/api/node/extensionHostProcess.js:150:3830)
	at o.dispose (/usr/share/code/resources/app/out/vs/workbench/api/node/extensionHostProcess.js:150:3927)
	at o.<anonymous> (/usr/share/code/resources/app/extensions/git/dist/main.js:2:948059)
	at o.dispose (/usr/share/code/resources/app/out/vs/workbench/api/node/extensionHostProcess.js:150:3927)
	at a (/usr/share/code/resources/app/out/vs/workbench/api/node/extensionHostProcess.js:30:714)
	at m.eb (/usr/share/code/resources/app/out/vs/workbench/api/node/extensionHostProcess.js:158:9967)
	at /usr/share/code/resources/app/out/vs/workbench/api/node/extensionHostProcess.js:158:7816
	at Array.map (<anonymous>)
	at m.$ (/usr/share/code/resources/app/out/vs/workbench/api/node/extensionHostProcess.js:158:7803)
	at m.terminate (/usr/share/code/resources/app/out/vs/workbench/api/node/extensionHostProcess.js:158:8077)
	at a.terminate (/usr/share/code/resources/app/out/vs/workbench/api/node/extensionHostProcess.js:162:1513)
	at t (/usr/share/code/resources/app/out/vs/workbench/api/node/extensionHostProcess.js:175:9917)
	at MessagePortMain.<anonymous> (/usr/share/code/resources/app/out/vs/workbench/api/node/extensionHostProcess.js:175:6342)
	at MessagePortMain.emit (node:events:517:28)
	at MessagePortMain._internalPort.emit (node:electron/js2c/utility_init:2:2285) setContext undefined
2024-04-09 17:31:39.196 [error] Canceled: Canceled
	at new O (/usr/share/code/resources/app/out/vs/workbench/api/node/extensionHostProcess.js:142:46998)
	at h.U (/usr/share/code/resources/app/out/vs/workbench/api/node/extensionHostProcess.js:149:5539)
	at T.<computed>.F.charCodeAt.T.<computed> (/usr/share/code/resources/app/out/vs/workbench/api/node/extensionHostProcess.js:149:2993)
	at d.g (/usr/share/code/resources/app/out/vs/workbench/api/node/extensionHostProcess.js:152:186335)
	at d.executeCommand (/usr/share/code/resources/app/out/vs/workbench/api/node/extensionHostProcess.js:152:185773)
	at E.registerCommand.description (/usr/share/code/resources/app/out/vs/workbench/api/node/extensionHostProcess.js:152:185097)
	at d.h (/usr/share/code/resources/app/out/vs/workbench/api/node/extensionHostProcess.js:152:186874)
	at d.g (/usr/share/code/resources/app/out/vs/workbench/api/node/extensionHostProcess.js:152:185866)
	at d.executeCommand (/usr/share/code/resources/app/out/vs/workbench/api/node/extensionHostProcess.js:152:185773)
	at Object.executeCommand (/usr/share/code/resources/app/out/vs/workbench/api/node/extensionHostProcess.js:162:22984)
	at set hasGitHubRepositories [as hasGitHubRepositories] (/usr/share/code/resources/app/extensions/github/dist/extension.js:2:324866)
	at /usr/share/code/resources/app/extensions/github/dist/extension.js:2:325825
	at a.value (/usr/share/code/resources/app/extensions/git/dist/main.js:2:1051703)
	at s.y (/usr/share/code/resources/app/out/vs/workbench/api/node/extensionHostProcess.js:82:659)
	at s.z (/usr/share/code/resources/app/out/vs/workbench/api/node/extensionHostProcess.js:82:729)
	at s.fire (/usr/share/code/resources/app/out/vs/workbench/api/node/extensionHostProcess.js:82:945)
	at Object.m [as dispose] (/usr/share/code/resources/app/extensions/git/dist/main.js:2:964886)
	at /usr/share/code/resources/app/extensions/git/dist/main.js:2:970920
	at Array.forEach (<anonymous>)
	at f.dispose (/usr/share/code/resources/app/extensions/git/dist/main.js:2:970906)
	at o.<anonymous> (/usr/share/code/resources/app/out/vs/workbench/api/node/extensionHostProcess.js:150:3830)
	at o.dispose (/usr/share/code/resources/app/out/vs/workbench/api/node/extensionHostProcess.js:150:3927)
	at o.<anonymous> (/usr/share/code/resources/app/extensions/git/dist/main.js:2:948059)
	at o.dispose (/usr/share/code/resources/app/out/vs/workbench/api/node/extensionHostProcess.js:150:3927)
	at a (/usr/share/code/resources/app/out/vs/workbench/api/node/extensionHostProcess.js:30:714)
	at m.eb (/usr/share/code/resources/app/out/vs/workbench/api/node/extensionHostProcess.js:158:9967)
	at /usr/share/code/resources/app/out/vs/workbench/api/node/extensionHostProcess.js:158:7816
	at Array.map (<anonymous>)
	at m.$ (/usr/share/code/resources/app/out/vs/workbench/api/node/extensionHostProcess.js:158:7803)
	at m.terminate (/usr/share/code/resources/app/out/vs/workbench/api/node/extensionHostProcess.js:158:8077)
	at a.terminate (/usr/share/code/resources/app/out/vs/workbench/api/node/extensionHostProcess.js:162:1513)
	at t (/usr/share/code/resources/app/out/vs/workbench/api/node/extensionHostProcess.js:175:9917)
	at MessagePortMain.<anonymous> (/usr/share/code/resources/app/out/vs/workbench/api/node/extensionHostProcess.js:175:6342)
	at MessagePortMain.emit (node:events:517:28)
	at MessagePortMain._internalPort.emit (node:electron/js2c/utility_init:2:2285) setContext undefined
2024-04-09 17:31:39.196 [info] Extension host with pid 13140 exiting with code 0
