2023-12-13 00:03:11.124 [info] Added views:workbench.panel.markers.view in workbench.panel.markers
2023-12-13 00:03:11.124 [info] Added views:workbench.panel.output in workbench.panel.output
2023-12-13 00:03:11.124 [info] Added views:terminal in terminal
2023-12-13 00:03:11.124 [info] Added views:outline in workbench.view.explorer
2023-12-13 00:03:11.124 [info] Added views:workbench.scm in workbench.view.scm
2023-12-13 00:03:11.124 [info] Added views:workbench.view.search in workbench.view.search
2023-12-13 00:03:11.124 [info] Added views:timeline in workbench.view.explorer
2023-12-13 00:03:11.124 [info] Added views:workbench.explorer.emptyView in workbench.view.explorer
2023-12-13 00:03:11.473 [info] Added views:workbench.debug.variablesView,workbench.debug.watchExpressionsView,workbench.debug.callStackView,workbench.debug.breakPointsView in workbench.view.debug
2023-12-13 00:03:11.507 [info] Added views:workbench.panel.repl.view in workbench.panel.repl
2023-12-13 00:03:11.508 [info] Removed views:workbench.debug.breakPointsView,workbench.debug.callStackView,workbench.debug.watchExpressionsView,workbench.debug.variablesView from workbench.view.debug
2023-12-13 00:03:11.508 [info] Added views:workbench.debug.welcome in workbench.view.debug
2023-12-13 00:03:11.594 [info] Added views:~remote.forwardedPorts in ~remote.forwardedPortsContainer
2023-12-13 00:04:44.625 [info] Added views:workbench.views.extensions.installed,workbench.views.extensions.popular,extensions.recommendedList in workbench.view.extensions
2023-12-13 00:04:44.626 [info] Removed views:workbench.views.extensions.popular from workbench.view.extensions
2023-12-13 00:04:44.848 [info] Added views:workbench.views.extensions.popular in workbench.view.extensions
2023-12-13 00:04:50.769 [info] Removed views:extensions.recommendedList,workbench.views.extensions.popular,workbench.views.extensions.installed from workbench.view.extensions
2023-12-13 00:04:50.775 [info] Added views:workbench.views.extensions.marketplace in workbench.view.extensions
2023-12-13 00:04:52.473 [info] Removed views:workbench.views.extensions.marketplace from workbench.view.extensions
2023-12-13 00:04:52.482 [info] Added views:workbench.views.extensions.installed,workbench.views.extensions.popular,extensions.recommendedList in workbench.view.extensions
2023-12-13 00:04:54.907 [info] Removed views:extensions.recommendedList,workbench.views.extensions.popular,workbench.views.extensions.installed from workbench.view.extensions
2023-12-13 00:04:54.912 [info] Added views:workbench.views.extensions.marketplace in workbench.view.extensions
