INFO  2024-06-13T15:18:40.973 ThreadId(19) [client:typescript] Client starting.
WARN  2024-06-13T15:18:42.232 ThreadId(19) [1P:op-crash-reporting/src/killswitch.rs:58] Failed to check Sentry enabled status, Sentry is disabled. Reason: IoError(IoError(error sending request for url (<redacted URL>): operation timed out))
INFO  2024-06-13T15:18:42.234 ThreadId(19) [1P:op-localization/src/lib.rs:232] system locale detected as 'en-US'
INFO  2024-06-13T15:18:42.234 ThreadId(19) [1P:op-localization/src/lib.rs:258] selected translations for EN_US based on detected locale en-US
INFO  2024-06-13T15:18:42.234 ThreadId(19) [status:app/op-app/src/app.rs:576] App::new(1Password for Linux/81034040 (EN_US), /home/$USER/.config/1Password)
INFO  2024-06-13T15:18:42.308 ThreadId(19) [1P:data/op-db/src/common/mod.rs:120] Core DB Table Integrity Check Succeeded
INFO  2024-06-13T15:18:42.310 ThreadId(19) [1P:data/op-db/src/common/mod.rs:134] Core DB Integrity Check Succeeded
INFO  2024-06-13T15:18:42.310 ThreadId(19) [1P:data/op-db/src/core_db/db.rs:165] Starting Core DB at version: 31
INFO  2024-06-13T15:18:42.317 ThreadId(19) [1P:data/op-db/src/common/mod.rs:120] Resources DB Table Integrity Check Succeeded
INFO  2024-06-13T15:18:42.317 ThreadId(19) [1P:data/op-db/src/common/mod.rs:134] Resources DB Integrity Check Succeeded
INFO  2024-06-13T15:18:42.319 ThreadId(19) [1P:data/op-db/src/resources_db/db.rs:134] Starting Resources DB at version: 1
ERROR 2024-06-13T15:18:42.327 ThreadId(19) [1P:/builds/dev/core/core/ssh/op-ssh-config/src/lib.rs:198] Failed to start ssh config file watcher: Io(Os { code: 2, kind: NotFound, message: "No such file or directory" })
INFO  2024-06-13T15:18:42.334 ThreadId(19) [1P:native-messaging/op-nm-installer/src/nix_utils.rs:68] Created NMH manifest at /home/$USER/.config/google-chrome/NativeMessagingHosts/com.1password.1password.json
INFO  2024-06-13T15:18:42.334 ThreadId(19) [1P:native-messaging/op-nm-installer/src/nix_utils.rs:68] Created NMH manifest at /home/$USER/.config/google-chrome-beta/NativeMessagingHosts/com.1password.1password.json
INFO  2024-06-13T15:18:42.334 ThreadId(19) [1P:native-messaging/op-nm-installer/src/nix_utils.rs:68] Created NMH manifest at /home/$USER/.config/google-chrome-unstable/NativeMessagingHosts/com.1password.1password.json
INFO  2024-06-13T15:18:42.334 ThreadId(19) [1P:native-messaging/op-nm-installer/src/nix_utils.rs:68] Created NMH manifest at /home/$USER/.config/chromium/NativeMessagingHosts/com.1password.1password.json
INFO  2024-06-13T15:18:42.334 ThreadId(19) [1P:native-messaging/op-nm-installer/src/nix_utils.rs:68] Created NMH manifest at /home/$USER/.config/microsoft-edge-dev/NativeMessagingHosts/com.1password.1password.json
INFO  2024-06-13T15:18:42.335 ThreadId(19) [1P:native-messaging/op-nm-installer/src/nix_utils.rs:68] Created NMH manifest at /home/$USER/.config/BraveSoftware/Brave-Browser/NativeMessagingHosts/com.1password.1password.json
INFO  2024-06-13T15:18:42.335 ThreadId(19) [1P:native-messaging/op-nm-installer/src/nix_utils.rs:68] Created NMH manifest at /home/$USER/.config/vivaldi/NativeMessagingHosts/com.1password.1password.json
INFO  2024-06-13T15:18:42.335 ThreadId(19) [1P:native-messaging/op-nm-installer/src/nix_utils.rs:68] Created NMH manifest at /home/$USER/.config/vivaldi-snapshot/NativeMessagingHosts/com.1password.1password.json
INFO  2024-06-13T15:18:42.335 ThreadId(19) [1P:native-messaging/op-nm-installer/src/nix_utils.rs:68] Created NMH manifest at /home/$USER/.mozilla/native-messaging-hosts/com.1password.1password.json
INFO  2024-06-13T15:18:42.335 ThreadId(19) [1P:native-messaging/op-nm-installer/src/nix_utils.rs:83] Successfully installed all native messaging manifests.
INFO  2024-06-13T15:18:42.350 tokio-runtime-worker(ThreadId(8)) [1P:native-messaging/op-native-core-integration/src/lib.rs:332] Starting IPC listener on 1Password-BrowserSupport
ERROR 2024-06-13T15:18:42.350 ThreadId(19) [1P:ffi/op-core-node/src/lib.rs:405] Io(Os { code: 2, kind: NotFound, message: "No such file or directory" })
INFO  2024-06-13T15:18:42.350 tokio-runtime-worker(ThreadId(14)) [1P:native-messaging/op-native-core-integration/src/lib.rs:344] Active native core integration is awaiting messages
INFO  2024-06-13T15:18:42.351 tokio-runtime-worker(ThreadId(10)) [1P:ssh/op-agent-controller/src/lib.rs:500] Starting filesystem watcher for SSH agent configuration directories...
ERROR 2024-06-13T15:18:42.351 tokio-runtime-worker(ThreadId(10)) [1P:/builds/dev/core/core/ssh/op-agent-controller/src/lib.rs:501] Io(Os { code: 2, kind: NotFound, message: "No such file or directory" })
INFO  2024-06-13T15:18:42.398 tokio-runtime-worker(ThreadId(1)) [1P:native-messaging/op-native-core-integration/src/lib.rs:369] Extension connecting.
INFO  2024-06-13T15:18:42.398 tokio-runtime-worker(ThreadId(1)) [1P:native-messaging/op-native-core-integration/src/lib.rs:371] Extension connection accepted.
INFO  2024-06-13T15:18:47.638 tokio-runtime-worker(ThreadId(13)) [1P:app/op-app/src/app/backend/lock_screen.rs:88] System unlock is enabled: true
INFO  2024-06-13T15:18:47.706 tokio-runtime-worker(ThreadId(1)) [1P:/builds/dev/core/core/data/ext/op-account-ext-settings-authentication/src/lib.rs:213] loaded settings authentication key: 53af584d12c35fa2
INFO  2024-06-13T15:18:47.722 tokio-runtime-worker(ThreadId(1)) [1P:data/ext/op-account-ext-items/src/lib.rs:265] loaded 1030 items in 3 vaults for account: REDAIV2ZKVEVFB7Q3GTV5OSLBI
ERROR 2024-06-13T15:18:47.725 tokio-runtime-worker(ThreadId(1)) [1P:op-auto-lock/src/linux.rs:210] Could not connect to the X server: XcbEventError
INFO  2024-06-13T15:18:47.725 tokio-runtime-worker(ThreadId(1)) [1P:data/ext/op-account-ext-settings-authentication/src/lib.rs:280] exactly one existing key found (53af584d12c35fa2). Applying it to any new accounts
INFO  2024-06-13T15:18:47.725 tokio-runtime-worker(ThreadId(1)) [1P:op-settings/src/store/json_store.rs:685] initializing settings authentication with key 53af584d12c35fa2
INFO  2024-06-13T15:18:47.725 tokio-runtime-worker(ThreadId(8)) [1P:app/op-app/src/app/backend/unlock.rs:138] Lock state changed: Unlocked
INFO  2024-06-13T15:18:47.726 tokio-runtime-worker(ThreadId(8)) [1P:op-telemetry/src/middleware/opt_state.rs:111] op-telemetry: account uuid 'REDAIV2ZKVEVFB7Q3GTV5OSLBI' changed telemetry state to Decided(In)
INFO  2024-06-13T15:18:47.797 tokio-runtime-worker(ThreadId(6)) [1P:data/op-account-system-unlock/src/lib.rs:684] Adding system unlock key. Verifying keysets can be decrypted.
INFO  2024-06-13T15:18:47.800 tokio-runtime-worker(ThreadId(6)) [1P:data/op-account-system-unlock/src/lib.rs:690] Adding system unlock key. Encrypting muk.
INFO  2024-06-13T15:18:47.801 ThreadId(23) [1P:data/op-account-system-unlock/src/lib.rs:696] Adding system unlock key. Updating account.
INFO  2024-06-13T15:18:48.397 tokio-runtime-worker(ThreadId(14)) [1P:app/op-app/src/app/backend/unlock.rs:161] Processing unlocked account REDAIV2ZKVEVFB7Q3GTV5OSLBI
WARN  2024-06-13T15:18:55.763 tokio-runtime-worker(ThreadId(1)) [1P:op-b5-client/src/internal/unauthorized_session.rs:1066] Error retrieving an account's 2FA token: SystemKeyringError(LinuxError(SecretService(Prompt))). Falling back to a prompt.
INFO  2024-06-13T15:18:55.763 tokio-runtime-worker(ThreadId(1)) [1P:app/op-app/src/mfa_ui.rs:113] Available MFA methods for desktop: [MfaSelector { text: <String>, response: Webauthn { context: <MfaWebauthnContext> } }, MfaSelector { text: <String>, response: Totp(<u32>) }]
INFO  2024-06-13T15:18:55.763 tokio-runtime-worker(ThreadId(1)) [1P:op-b5-client/src/internal/unauthorized_session.rs:1194] Multi-factor authentication method has been selected.
INFO  2024-06-13T15:18:55.763 tokio-runtime-worker(ThreadId(1)) [1P:app/op-app/src/mfa_ui.rs:172] Prompting user for MFA
INFO  2024-06-13T15:19:16.916 tokio-runtime-worker(ThreadId(6)) [1P:op-b5-client/src/internal/unauthorized_session.rs:1256] Verifying device secret (MFA) with server...
INFO  2024-06-13T15:19:17.087 tokio-runtime-worker(ThreadId(8)) [1P:op-b5-client/src/internal/unauthorized_session.rs:915] Device secret was verified
INFO  2024-06-13T15:19:23.575 tokio-runtime-worker(ThreadId(8)) [1P:op-b5-client/src/internal/unauthorized_session.rs:924] 2FA authentication completed, 2FA token is now in system keyring
INFO  2024-06-13T15:19:23.885 tokio-runtime-worker(ThreadId(1)) [1P:data/ext/op-account-ext-syncer/src/lib.rs:257] The B5 Notifier for (REDAIV2ZKVEVFB7Q3GTV5OSLBI) has connected, now monitoring for events.
INFO  2024-06-13T15:19:24.702 tokio-runtime-worker(ThreadId(4)) [1P:op-syncer/src/sync_job.rs:360] synced account REDAIV2ZKVEVFB7Q3GTV5OSLBI (1.124320804s)
INFO  2024-06-13T15:19:24.702 tokio-runtime-worker(ThreadId(7)) [1P:data/op-file-transfer/src/lib.rs:602] find_and_complete_pending_uploads: 'REDAIV2ZKVEVFB7Q3GTV5OSLBI'
INFO  2024-06-13T15:22:41.882 tokio-runtime-worker(ThreadId(4)) [1P:app/op-app/src/app/backend/lock.rs:131] Lock state changed: Locked
INFO  2024-06-13T15:22:41.883 tokio-runtime-worker(ThreadId(4)) [1P:app/op-app/src/app/backend/lock.rs:149] Locked. Reason: Automatic(DeviceLocked).
ERROR 2024-06-13T15:22:41.896 tokio-runtime-worker(ThreadId(55)) [1P:ffi/op-core-node/src/lib.rs:503] CollectionNotFound
ERROR 2024-06-13T15:22:41.896 tokio-runtime-worker(ThreadId(55)) [1P:ffi/op-core-node/src/lib.rs:503] CollectionNotFound
INFO  2024-06-13T15:22:41.913 tokio-runtime-worker(ThreadId(8)) [1P:app/op-app/src/app/backend/lock_screen.rs:88] System unlock is enabled: true
INFO  2024-06-13T15:22:41.913 tokio-runtime-worker(ThreadId(55)) [1P:foundation/op-system-auth/src/lib.rs:325] Biometry is available for 1 or more accounts
INFO  2024-06-13T15:22:41.913 tokio-runtime-worker(ThreadId(8)) [1P:app/op-app/src/app/backend/lock_screen.rs:116] Sys auth status Ready
INFO  2024-06-13T15:22:42.166 tokio-runtime-worker(ThreadId(8)) [1P:app/op-app/src/app/backend/lock_screen.rs:88] System unlock is enabled: true
INFO  2024-06-13T15:22:42.167 tokio-runtime-worker(ThreadId(55)) [1P:foundation/op-system-auth/src/lib.rs:325] Biometry is available for 1 or more accounts
INFO  2024-06-13T15:22:42.167 tokio-runtime-worker(ThreadId(1)) [1P:app/op-app/src/app/backend/lock_screen.rs:116] Sys auth status Ready
INFO  2024-06-13T19:10:07.080 tokio-runtime-worker(ThreadId(57)) [1P:foundation/op-system-auth/src/lib.rs:325] Biometry is available for 1 or more accounts
INFO  2024-06-13T19:10:08.961 tokio-runtime-worker(ThreadId(9)) [1P:/builds/dev/core/core/data/ext/op-account-ext-settings-authentication/src/lib.rs:213] loaded settings authentication key: 53af584d12c35fa2
INFO  2024-06-13T19:10:08.975 tokio-runtime-worker(ThreadId(1)) [1P:data/ext/op-account-ext-items/src/lib.rs:265] loaded 1032 items in 3 vaults for account: REDAIV2ZKVEVFB7Q3GTV5OSLBI
ERROR 2024-06-13T19:10:08.980 tokio-runtime-worker(ThreadId(1)) [1P:op-auto-lock/src/linux.rs:210] Could not connect to the X server: XcbEventError
INFO  2024-06-13T19:10:08.980 tokio-runtime-worker(ThreadId(1)) [1P:data/ext/op-account-ext-settings-authentication/src/lib.rs:280] exactly one existing key found (53af584d12c35fa2). Applying it to any new accounts
INFO  2024-06-13T19:10:08.980 tokio-runtime-worker(ThreadId(1)) [1P:op-settings/src/store/json_store.rs:685] initializing settings authentication with key 53af584d12c35fa2
INFO  2024-06-13T19:10:08.980 tokio-runtime-worker(ThreadId(1)) [1P:app/op-app/src/app/backend/unlock.rs:138] Lock state changed: Unlocked
INFO  2024-06-13T19:10:08.981 ThreadId(19) [client:typescript] Settings file changed.
INFO  2024-06-13T19:10:09.865 tokio-runtime-worker(ThreadId(9)) [1P:app/op-app/src/app/backend/unlock.rs:161] Processing unlocked account REDAIV2ZKVEVFB7Q3GTV5OSLBI
INFO  2024-06-13T19:10:10.105 tokio-runtime-worker(ThreadId(4)) [1P:op-b5-client/src/internal/unauthorized_session.rs:1256] Verifying device secret (MFA) with server...
INFO  2024-06-13T19:10:10.320 tokio-runtime-worker(ThreadId(4)) [1P:op-b5-client/src/internal/unauthorized_session.rs:915] Device secret was verified
INFO  2024-06-13T19:10:10.320 tokio-runtime-worker(ThreadId(4)) [1P:op-b5-client/src/internal/unauthorized_session.rs:933] No new device secret was given as current one is still valid and verified
INFO  2024-06-13T19:10:10.611 tokio-runtime-worker(ThreadId(1)) [1P:data/ext/op-account-ext-syncer/src/lib.rs:257] The B5 Notifier for (REDAIV2ZKVEVFB7Q3GTV5OSLBI) has connected, now monitoring for events.
INFO  2024-06-13T19:10:11.011 tokio-runtime-worker(ThreadId(4)) [1P:op-syncer/src/sync_job.rs:360] synced account REDAIV2ZKVEVFB7Q3GTV5OSLBI (0.689180055s)
INFO  2024-06-13T19:10:11.013 tokio-runtime-worker(ThreadId(1)) [1P:data/op-file-transfer/src/lib.rs:602] find_and_complete_pending_uploads: 'REDAIV2ZKVEVFB7Q3GTV5OSLBI'
INFO  2024-06-13T19:18:59.914 tokio-runtime-worker(ThreadId(9)) [1P:app/op-app/src/app/backend/lock.rs:131] Lock state changed: Locked
INFO  2024-06-13T19:18:59.915 tokio-runtime-worker(ThreadId(9)) [1P:app/op-app/src/app/backend/lock.rs:149] Locked. Reason: Automatic(DeviceLocked).
ERROR 2024-06-13T19:18:59.922 tokio-runtime-worker(ThreadId(63)) [1P:ffi/op-core-node/src/lib.rs:503] CollectionNotFound
ERROR 2024-06-13T19:18:59.922 tokio-runtime-worker(ThreadId(62)) [1P:ffi/op-core-node/src/lib.rs:503] CollectionNotFound
INFO  2024-06-13T19:18:59.927 tokio-runtime-worker(ThreadId(9)) [1P:app/op-app/src/app/backend/lock_screen.rs:88] System unlock is enabled: true
INFO  2024-06-13T19:18:59.927 tokio-runtime-worker(ThreadId(63)) [1P:foundation/op-system-auth/src/lib.rs:325] Biometry is available for 1 or more accounts
INFO  2024-06-13T19:18:59.927 tokio-runtime-worker(ThreadId(9)) [1P:app/op-app/src/app/backend/lock_screen.rs:116] Sys auth status Ready
INFO  2024-06-13T19:19:00.162 tokio-runtime-worker(ThreadId(1)) [1P:app/op-app/src/app/backend/lock_screen.rs:88] System unlock is enabled: true
INFO  2024-06-13T19:19:00.163 tokio-runtime-worker(ThreadId(62)) [1P:foundation/op-system-auth/src/lib.rs:325] Biometry is available for 1 or more accounts
INFO  2024-06-13T19:19:00.163 tokio-runtime-worker(ThreadId(14)) [1P:app/op-app/src/app/backend/lock_screen.rs:116] Sys auth status Ready
