INFO  2024-06-10T11:38:36.138 ThreadId(18) [1P:foundation/op-log/src/lib.rs:636] Removed 1 old log files
INFO  2024-06-10T11:38:36.145 ThreadId(18) [client:typescript] Client starting.
INFO  2024-06-10T11:38:36.838 ThreadId(18) [1P:op-localization/src/lib.rs:232] system locale detected as 'en-US'
INFO  2024-06-10T11:38:36.838 ThreadId(18) [1P:op-localization/src/lib.rs:258] selected translations for EN_US based on detected locale en-US
INFO  2024-06-10T11:38:36.838 ThreadId(18) [status:app/op-app/src/app.rs:590] App::new(1Password for Linux/81033001 (EN_US), /home/$USER/.config/1Password)
INFO  2024-06-10T11:38:36.929 ThreadId(18) [1P:data/op-db/src/common/mod.rs:120] Core DB Table Integrity Check Succeeded
INFO  2024-06-10T11:38:36.930 ThreadId(18) [1P:data/op-db/src/common/mod.rs:134] Core DB Integrity Check Succeeded
INFO  2024-06-10T11:38:36.930 ThreadId(18) [1P:data/op-db/src/core_db/db.rs:164] Starting Core DB at version: 31
INFO  2024-06-10T11:38:36.935 ThreadId(18) [1P:data/op-db/src/common/mod.rs:120] Resources DB Table Integrity Check Succeeded
INFO  2024-06-10T11:38:36.936 ThreadId(18) [1P:data/op-db/src/common/mod.rs:134] Resources DB Integrity Check Succeeded
INFO  2024-06-10T11:38:36.936 ThreadId(18) [1P:data/op-db/src/resources_db/db.rs:133] Starting Resources DB at version: 1
ERROR 2024-06-10T11:38:36.942 ThreadId(18) [1P:/builds/dev/core/core/ssh/op-ssh-config/src/lib.rs:199] Failed to start ssh config file watcher: Io(Os { code: 2, kind: NotFound, message: "No such file or directory" })
INFO  2024-06-10T11:38:36.950 ThreadId(18) [1P:native-messaging/op-nm-installer/src/nix_utils.rs:68] Created NMH manifest at /home/$USER/.config/google-chrome/NativeMessagingHosts/com.1password.1password.json
INFO  2024-06-10T11:38:36.950 ThreadId(18) [1P:native-messaging/op-nm-installer/src/nix_utils.rs:68] Created NMH manifest at /home/$USER/.config/google-chrome-beta/NativeMessagingHosts/com.1password.1password.json
INFO  2024-06-10T11:38:36.950 ThreadId(18) [1P:native-messaging/op-nm-installer/src/nix_utils.rs:68] Created NMH manifest at /home/$USER/.config/google-chrome-unstable/NativeMessagingHosts/com.1password.1password.json
INFO  2024-06-10T11:38:36.950 ThreadId(18) [1P:native-messaging/op-nm-installer/src/nix_utils.rs:68] Created NMH manifest at /home/$USER/.config/chromium/NativeMessagingHosts/com.1password.1password.json
INFO  2024-06-10T11:38:36.950 ThreadId(18) [1P:native-messaging/op-nm-installer/src/nix_utils.rs:68] Created NMH manifest at /home/$USER/.config/microsoft-edge-dev/NativeMessagingHosts/com.1password.1password.json
INFO  2024-06-10T11:38:36.950 ThreadId(18) [1P:native-messaging/op-nm-installer/src/nix_utils.rs:68] Created NMH manifest at /home/$USER/.config/BraveSoftware/Brave-Browser/NativeMessagingHosts/com.1password.1password.json
INFO  2024-06-10T11:38:36.950 ThreadId(18) [1P:native-messaging/op-nm-installer/src/nix_utils.rs:68] Created NMH manifest at /home/$USER/.config/vivaldi/NativeMessagingHosts/com.1password.1password.json
INFO  2024-06-10T11:38:36.950 ThreadId(18) [1P:native-messaging/op-nm-installer/src/nix_utils.rs:68] Created NMH manifest at /home/$USER/.config/vivaldi-snapshot/NativeMessagingHosts/com.1password.1password.json
INFO  2024-06-10T11:38:36.951 ThreadId(18) [1P:native-messaging/op-nm-installer/src/nix_utils.rs:68] Created NMH manifest at /home/$USER/.mozilla/native-messaging-hosts/com.1password.1password.json
INFO  2024-06-10T11:38:36.951 ThreadId(18) [1P:native-messaging/op-nm-installer/src/nix_utils.rs:83] Successfully installed all native messaging manifests.
INFO  2024-06-10T11:38:36.961 tokio-runtime-worker(ThreadId(8)) [1P:native-messaging/op-native-core-integration/src/lib.rs:332] Starting IPC listener on 1Password-BrowserSupport
INFO  2024-06-10T11:38:36.961 tokio-runtime-worker(ThreadId(8)) [1P:native-messaging/op-native-core-integration/src/lib.rs:344] Active native core integration is awaiting messages
INFO  2024-06-10T11:38:36.962 tokio-runtime-worker(ThreadId(12)) [1P:ssh/op-agent-controller/src/lib.rs:502] Starting filesystem watcher for SSH agent configuration directories...
ERROR 2024-06-10T11:38:36.962 tokio-runtime-worker(ThreadId(12)) [1P:/builds/dev/core/core/ssh/op-agent-controller/src/lib.rs:503] Io(Os { code: 2, kind: NotFound, message: "No such file or directory" })
INFO  2024-06-10T11:38:36.990 tokio-runtime-worker(ThreadId(5)) [1P:native-messaging/op-native-core-integration/src/lib.rs:369] Extension connecting.
INFO  2024-06-10T11:38:36.990 tokio-runtime-worker(ThreadId(5)) [1P:native-messaging/op-native-core-integration/src/lib.rs:371] Extension connection accepted.
INFO  2024-06-10T11:38:40.663 tokio-runtime-worker(ThreadId(5)) [1P:app/op-app/src/app/backend/lock_screen.rs:88] System unlock is enabled: true
INFO  2024-06-10T11:38:40.733 tokio-runtime-worker(ThreadId(12)) [1P:/builds/dev/core/core/data/ext/op-account-ext-settings-authentication/src/lib.rs:211] loaded settings authentication key: 53af584d12c35fa2
INFO  2024-06-10T11:38:40.748 tokio-runtime-worker(ThreadId(14)) [1P:data/ext/op-account-ext-items/src/lib.rs:264] loaded 1030 items in 3 vaults for account: REDAIV2ZKVEVFB7Q3GTV5OSLBI
ERROR 2024-06-10T11:38:40.750 tokio-runtime-worker(ThreadId(14)) [1P:op-auto-lock/src/linux.rs:210] Could not connect to the X server: XcbEventError
INFO  2024-06-10T11:38:40.750 tokio-runtime-worker(ThreadId(14)) [1P:data/ext/op-account-ext-settings-authentication/src/lib.rs:278] exactly one existing key found (53af584d12c35fa2). Applying it to any new accounts
INFO  2024-06-10T11:38:40.750 tokio-runtime-worker(ThreadId(14)) [1P:op-settings/src/store/json_store.rs:685] initializing settings authentication with key 53af584d12c35fa2
INFO  2024-06-10T11:38:40.750 tokio-runtime-worker(ThreadId(5)) [1P:app/op-app/src/app/backend/unlock.rs:137] Lock state changed: Unlocked
INFO  2024-06-10T11:38:40.752 tokio-runtime-worker(ThreadId(5)) [1P:op-telemetry/src/middleware/opt_state.rs:111] op-telemetry: account uuid 'REDAIV2ZKVEVFB7Q3GTV5OSLBI' changed telemetry state to Decided(In)
INFO  2024-06-10T11:38:40.817 tokio-runtime-worker(ThreadId(14)) [1P:data/op-account-system-unlock/src/lib.rs:684] Adding system unlock key. Verifying keysets can be decrypted.
INFO  2024-06-10T11:38:40.820 tokio-runtime-worker(ThreadId(14)) [1P:data/op-account-system-unlock/src/lib.rs:690] Adding system unlock key. Encrypting muk.
INFO  2024-06-10T11:38:40.821 ThreadId(23) [1P:data/op-account-system-unlock/src/lib.rs:696] Adding system unlock key. Updating account.
INFO  2024-06-10T11:38:41.182 tokio-runtime-worker(ThreadId(3)) [1P:app/op-app/src/app/backend/unlock.rs:160] Processing unlocked account REDAIV2ZKVEVFB7Q3GTV5OSLBI
INFO  2024-06-10T11:38:41.973 tokio-runtime-worker(ThreadId(8)) [1P:op-b5-client/src/internal/unauthorized_session.rs:1262] Verifying device secret (MFA) with server...
INFO  2024-06-10T11:38:42.178 tokio-runtime-worker(ThreadId(8)) [1P:op-b5-client/src/internal/unauthorized_session.rs:918] Device secret was verified
INFO  2024-06-10T11:38:42.178 tokio-runtime-worker(ThreadId(8)) [1P:op-b5-client/src/internal/unauthorized_session.rs:936] No new device secret was given as current one is still valid and verified
INFO  2024-06-10T11:38:42.481 tokio-runtime-worker(ThreadId(14)) [1P:data/ext/op-account-ext-syncer/src/lib.rs:257] The B5 Notifier for (REDAIV2ZKVEVFB7Q3GTV5OSLBI) has connected, now monitoring for events.
INFO  2024-06-10T11:38:43.073 tokio-runtime-worker(ThreadId(1)) [1P:op-syncer/src/sync_job.rs:357] synced account REDAIV2ZKVEVFB7Q3GTV5OSLBI (0.892774662s)
INFO  2024-06-10T11:38:43.074 tokio-runtime-worker(ThreadId(1)) [1P:data/op-file-transfer/src/lib.rs:603] find_and_complete_pending_uploads: 'REDAIV2ZKVEVFB7Q3GTV5OSLBI'
WARN  2024-06-10T11:38:43.074 tokio-runtime-worker(ThreadId(12)) [1P:app/op-app/src/app/backend/vault_item_snapshot.rs:85] Detailed vault reporting not enabled for account REDAIV2ZKVEVFB7Q3GTV5OSLBI, skipping snapshots sync
INFO  2024-06-10T11:54:11.193 tokio-runtime-worker(ThreadId(1)) [1P:app/op-app/src/app/backend/lock.rs:131] Lock state changed: Locked
INFO  2024-06-10T11:54:11.193 tokio-runtime-worker(ThreadId(1)) [1P:app/op-app/src/app/backend/lock.rs:148] Locked. Reason: Automatic(Idle(600)).
ERROR 2024-06-10T12:25:59.531 tokio-runtime-worker(ThreadId(14)) [1P:native-messaging/op-native-core-integration/src/connection_handler.rs:62] message from b5x was None: EndConnection
ERROR 2024-06-10T12:25:59.531 tokio-runtime-worker(ThreadId(14)) [1P:native-messaging/op-native-core-integration/src/connection_handler.rs:31] Dropping connection with b5x due to error handling incoming message: EndConnection
INFO  2024-06-10T12:31:15.017 tokio-runtime-worker(ThreadId(14)) [1P:native-messaging/op-native-core-integration/src/lib.rs:369] Extension connecting.
INFO  2024-06-10T12:31:15.017 tokio-runtime-worker(ThreadId(14)) [1P:native-messaging/op-native-core-integration/src/lib.rs:371] Extension connection accepted.
ERROR 2024-06-10T12:31:34.499 tokio-runtime-worker(ThreadId(14)) [1P:native-messaging/op-native-core-integration/src/connection_handler.rs:62] message from b5x was None: EndConnection
ERROR 2024-06-10T12:31:34.499 tokio-runtime-worker(ThreadId(14)) [1P:native-messaging/op-native-core-integration/src/connection_handler.rs:31] Dropping connection with b5x due to error handling incoming message: EndConnection
INFO  2024-06-10T12:31:39.425 tokio-runtime-worker(ThreadId(14)) [1P:native-messaging/op-native-core-integration/src/lib.rs:369] Extension connecting.
INFO  2024-06-10T12:31:39.425 tokio-runtime-worker(ThreadId(14)) [1P:native-messaging/op-native-core-integration/src/lib.rs:371] Extension connection accepted.
ERROR 2024-06-11T10:11:56.513 tokio-runtime-worker(ThreadId(15)) [1P:native-messaging/op-native-core-integration/src/connection_handler.rs:62] message from b5x was None: EndConnection
ERROR 2024-06-11T10:11:56.513 tokio-runtime-worker(ThreadId(15)) [1P:native-messaging/op-native-core-integration/src/connection_handler.rs:31] Dropping connection with b5x due to error handling incoming message: EndConnection
INFO  2024-06-11T15:09:19.793 tokio-runtime-worker(ThreadId(15)) [1P:native-messaging/op-native-core-integration/src/lib.rs:369] Extension connecting.
INFO  2024-06-11T15:09:19.793 tokio-runtime-worker(ThreadId(15)) [1P:native-messaging/op-native-core-integration/src/lib.rs:371] Extension connection accepted.
WARN  2024-06-12T22:55:59.921 notify-rs inotify loop(ThreadId(22)) [1P:app/op-app/src/app.rs:533] Application binary and/or it's directory was moved or replaced, exiting.
