INFO  2024-05-27T18:09:06.357 ThreadId(18) [1P:foundation/op-log/src/lib.rs:636] Removed 2 old log files
INFO  2024-05-27T18:09:06.366 ThreadId(18) [client:typescript] Client starting.
WARN  2024-05-27T18:09:07.270 ThreadId(18) [1P:op-crash-reporting/src/killswitch.rs:58] Failed to check Sentry enabled status, Sentry is disabled. Reason: IoError(IoError(error sending request for url (<redacted URL>): operation timed out))
INFO  2024-05-27T18:09:07.270 ThreadId(18) [1P:op-localization/src/lib.rs:232] system locale detected as 'en-US'
INFO  2024-05-27T18:09:07.271 ThreadId(18) [1P:op-localization/src/lib.rs:258] selected translations for EN_US based on detected locale en-US
INFO  2024-05-27T18:09:07.271 ThreadId(18) [status:app/op-app/src/app.rs:590] App::new(1Password for Linux/81033001 (EN_US), /home/$USER/.config/1Password)
INFO  2024-05-27T18:09:07.346 ThreadId(18) [1P:data/op-db/src/common/mod.rs:120] Core DB Table Integrity Check Succeeded
INFO  2024-05-27T18:09:07.348 ThreadId(18) [1P:data/op-db/src/common/mod.rs:134] Core DB Integrity Check Succeeded
INFO  2024-05-27T18:09:07.348 ThreadId(18) [1P:data/op-db/src/core_db/db.rs:164] Starting Core DB at version: 31
INFO  2024-05-27T18:09:07.354 ThreadId(18) [1P:data/op-db/src/common/mod.rs:120] Resources DB Table Integrity Check Succeeded
INFO  2024-05-27T18:09:07.354 ThreadId(18) [1P:data/op-db/src/common/mod.rs:134] Resources DB Integrity Check Succeeded
INFO  2024-05-27T18:09:07.354 ThreadId(18) [1P:data/op-db/src/resources_db/db.rs:133] Starting Resources DB at version: 1
ERROR 2024-05-27T18:09:07.360 ThreadId(18) [1P:/builds/dev/core/core/ssh/op-ssh-config/src/lib.rs:199] Failed to start ssh config file watcher: Io(Os { code: 2, kind: NotFound, message: "No such file or directory" })
INFO  2024-05-27T18:09:07.370 ThreadId(18) [1P:native-messaging/op-nm-installer/src/nix_utils.rs:68] Created NMH manifest at /home/$USER/.config/google-chrome/NativeMessagingHosts/com.1password.1password.json
INFO  2024-05-27T18:09:07.370 ThreadId(18) [1P:native-messaging/op-nm-installer/src/nix_utils.rs:68] Created NMH manifest at /home/$USER/.config/google-chrome-beta/NativeMessagingHosts/com.1password.1password.json
INFO  2024-05-27T18:09:07.370 ThreadId(18) [1P:native-messaging/op-nm-installer/src/nix_utils.rs:68] Created NMH manifest at /home/$USER/.config/google-chrome-unstable/NativeMessagingHosts/com.1password.1password.json
INFO  2024-05-27T18:09:07.370 ThreadId(18) [1P:native-messaging/op-nm-installer/src/nix_utils.rs:68] Created NMH manifest at /home/$USER/.config/chromium/NativeMessagingHosts/com.1password.1password.json
INFO  2024-05-27T18:09:07.370 ThreadId(18) [1P:native-messaging/op-nm-installer/src/nix_utils.rs:68] Created NMH manifest at /home/$USER/.config/microsoft-edge-dev/NativeMessagingHosts/com.1password.1password.json
INFO  2024-05-27T18:09:07.370 ThreadId(18) [1P:native-messaging/op-nm-installer/src/nix_utils.rs:68] Created NMH manifest at /home/$USER/.config/BraveSoftware/Brave-Browser/NativeMessagingHosts/com.1password.1password.json
INFO  2024-05-27T18:09:07.371 ThreadId(18) [1P:native-messaging/op-nm-installer/src/nix_utils.rs:68] Created NMH manifest at /home/$USER/.config/vivaldi/NativeMessagingHosts/com.1password.1password.json
INFO  2024-05-27T18:09:07.371 ThreadId(18) [1P:native-messaging/op-nm-installer/src/nix_utils.rs:68] Created NMH manifest at /home/$USER/.config/vivaldi-snapshot/NativeMessagingHosts/com.1password.1password.json
INFO  2024-05-27T18:09:07.371 ThreadId(18) [1P:native-messaging/op-nm-installer/src/nix_utils.rs:68] Created NMH manifest at /home/$USER/.mozilla/native-messaging-hosts/com.1password.1password.json
INFO  2024-05-27T18:09:07.371 ThreadId(18) [1P:native-messaging/op-nm-installer/src/nix_utils.rs:83] Successfully installed all native messaging manifests.
INFO  2024-05-27T18:09:07.384 tokio-runtime-worker(ThreadId(14)) [1P:native-messaging/op-native-core-integration/src/lib.rs:332] Starting IPC listener on 1Password-BrowserSupport
INFO  2024-05-27T18:09:07.385 tokio-runtime-worker(ThreadId(13)) [1P:native-messaging/op-native-core-integration/src/lib.rs:344] Active native core integration is awaiting messages
INFO  2024-05-27T18:09:07.385 tokio-runtime-worker(ThreadId(13)) [1P:ssh/op-agent-controller/src/lib.rs:502] Starting filesystem watcher for SSH agent configuration directories...
ERROR 2024-05-27T18:09:07.386 tokio-runtime-worker(ThreadId(13)) [1P:/builds/dev/core/core/ssh/op-agent-controller/src/lib.rs:503] Io(Os { code: 2, kind: NotFound, message: "No such file or directory" })
INFO  2024-05-27T18:09:07.398 tokio-runtime-worker(ThreadId(13)) [1P:native-messaging/op-native-core-integration/src/lib.rs:369] Extension connecting.
INFO  2024-05-27T18:09:07.398 tokio-runtime-worker(ThreadId(13)) [1P:native-messaging/op-native-core-integration/src/lib.rs:371] Extension connection accepted.
INFO  2024-05-27T18:09:38.178 tokio-runtime-worker(ThreadId(13)) [1P:app/op-app/src/app/backend/lock_screen.rs:88] System unlock is enabled: true
INFO  2024-05-27T18:09:38.250 tokio-runtime-worker(ThreadId(13)) [1P:/builds/dev/core/core/data/ext/op-account-ext-settings-authentication/src/lib.rs:211] loaded settings authentication key: 53af584d12c35fa2
INFO  2024-05-27T18:09:38.269 tokio-runtime-worker(ThreadId(13)) [1P:data/ext/op-account-ext-items/src/lib.rs:264] loaded 1028 items in 3 vaults for account: REDAIV2ZKVEVFB7Q3GTV5OSLBI
ERROR 2024-05-27T18:09:38.272 tokio-runtime-worker(ThreadId(13)) [1P:op-auto-lock/src/linux.rs:210] Could not connect to the X server: XcbEventError
INFO  2024-05-27T18:09:38.272 tokio-runtime-worker(ThreadId(13)) [1P:data/ext/op-account-ext-settings-authentication/src/lib.rs:278] exactly one existing key found (53af584d12c35fa2). Applying it to any new accounts
INFO  2024-05-27T18:09:38.272 tokio-runtime-worker(ThreadId(13)) [1P:op-settings/src/store/json_store.rs:685] initializing settings authentication with key 53af584d12c35fa2
INFO  2024-05-27T18:09:38.273 tokio-runtime-worker(ThreadId(2)) [1P:app/op-app/src/app/backend/unlock.rs:137] Lock state changed: Unlocked
INFO  2024-05-27T18:09:38.274 tokio-runtime-worker(ThreadId(4)) [1P:op-telemetry/src/middleware/opt_state.rs:111] op-telemetry: account uuid 'REDAIV2ZKVEVFB7Q3GTV5OSLBI' changed telemetry state to Decided(In)
INFO  2024-05-27T18:09:38.356 tokio-runtime-worker(ThreadId(4)) [1P:data/op-account-system-unlock/src/lib.rs:684] Adding system unlock key. Verifying keysets can be decrypted.
INFO  2024-05-27T18:09:38.359 tokio-runtime-worker(ThreadId(4)) [1P:data/op-account-system-unlock/src/lib.rs:690] Adding system unlock key. Encrypting muk.
INFO  2024-05-27T18:09:38.360 ThreadId(23) [1P:data/op-account-system-unlock/src/lib.rs:696] Adding system unlock key. Updating account.
INFO  2024-05-27T18:09:39.103 tokio-runtime-worker(ThreadId(5)) [1P:app/op-app/src/app/backend/unlock.rs:160] Processing unlocked account REDAIV2ZKVEVFB7Q3GTV5OSLBI
WARN  2024-05-27T18:09:41.923 tokio-runtime-worker(ThreadId(4)) [1P:op-b5-client/src/internal/unauthorized_session.rs:1068] Error retrieving an account's 2FA token: SystemKeyringError(LinuxError(SecretService(Prompt))). Falling back to a prompt.
INFO  2024-05-27T18:09:41.923 tokio-runtime-worker(ThreadId(4)) [1P:app/op-app/src/mfa_ui.rs:113] Available MFA methods for desktop: [MfaSelector { text: <String>, response: Webauthn { context: <MfaWebauthnContext> } }, MfaSelector { text: <String>, response: Totp(<u32>) }]
INFO  2024-05-27T18:09:41.923 tokio-runtime-worker(ThreadId(4)) [1P:op-b5-client/src/internal/unauthorized_session.rs:1200] Multi-factor authentication method has been selected.
INFO  2024-05-27T18:09:41.923 tokio-runtime-worker(ThreadId(4)) [1P:app/op-app/src/mfa_ui.rs:172] Prompting user for MFA
INFO  2024-05-27T18:14:41.925 tokio-runtime-worker(ThreadId(10)) [1P:app/op-app/src/mfa_ui.rs:207] Did not receive Duo MFA response within timeout.
ERROR 2024-05-27T18:14:41.925 tokio-runtime-worker(ThreadId(10)) [1P:op-b5-client/src/internal/unauthorized_session.rs:266] UiError(MfaTimedOut)
WARN  2024-05-27T18:14:41.925 tokio-runtime-worker(ThreadId(10)) [1P:app/op-app/src/app/backend/sync.rs:239] auth failure for REDAIV2ZKVEVFB7Q3GTV5OSLBI: UiError(MfaTimedOut)
ERROR 2024-05-27T18:14:41.925 tokio-runtime-worker(ThreadId(10)) [1P:app/op-app/src/app/backend/native_messaging/b5_connection/mod.rs:75] Unable to get client for account REDAIV2ZKVEVFB7Q3GTV5OSLBI to request a delegated session: unable to create client: UiError(MfaTimedOut)
ERROR 2024-05-27T18:14:41.925 tokio-runtime-worker(ThreadId(2)) [1P:app/op-app/src/app/backend/unlock.rs:171] Failed to get client for account REDAIV2ZKVEVFB7Q3GTV5OSLBI: UserCanceledMfa
ERROR 2024-05-27T18:14:41.925 tokio-runtime-worker(ThreadId(2)) [1P:app/op-app/src/app/backend/unlock.rs:262] unable to create client: UserCanceledMfa
INFO  2024-05-27T18:21:20.567 tokio-runtime-worker(ThreadId(10)) [1P:app/op-app/src/app/backend/lock.rs:131] Lock state changed: Locked
INFO  2024-05-27T18:21:20.567 tokio-runtime-worker(ThreadId(10)) [1P:app/op-app/src/app/backend/lock.rs:148] Locked. Reason: Automatic(DeviceLocked).
ERROR 2024-05-27T18:21:20.580 tokio-runtime-worker(ThreadId(55)) [1P:ffi/op-core-node/src/lib.rs:476] CollectionNotFound
ERROR 2024-05-27T18:21:20.580 tokio-runtime-worker(ThreadId(55)) [1P:ffi/op-core-node/src/lib.rs:476] CollectionNotFound
ERROR 2024-05-27T18:21:20.580 tokio-runtime-worker(ThreadId(56)) [1P:ffi/op-core-node/src/lib.rs:476] CollectionNotFound
ERROR 2024-05-27T18:21:20.580 tokio-runtime-worker(ThreadId(57)) [1P:ffi/op-core-node/src/lib.rs:476] CollectionNotFound
INFO  2024-05-27T18:21:20.595 tokio-runtime-worker(ThreadId(2)) [1P:app/op-app/src/app/backend/lock_screen.rs:88] System unlock is enabled: true
INFO  2024-05-27T18:21:20.595 tokio-runtime-worker(ThreadId(58)) [1P:foundation/op-system-auth/src/lib.rs:325] Biometry is available for 1 or more accounts
INFO  2024-05-27T18:21:20.596 tokio-runtime-worker(ThreadId(2)) [1P:app/op-app/src/app/backend/lock_screen.rs:116] Sys auth status Ready
INFO  2024-05-27T18:21:20.817 tokio-runtime-worker(ThreadId(2)) [1P:app/op-app/src/app/backend/lock_screen.rs:88] System unlock is enabled: true
INFO  2024-05-27T18:21:20.817 tokio-runtime-worker(ThreadId(57)) [1P:foundation/op-system-auth/src/lib.rs:325] Biometry is available for 1 or more accounts
INFO  2024-05-27T18:21:20.817 tokio-runtime-worker(ThreadId(2)) [1P:app/op-app/src/app/backend/lock_screen.rs:116] Sys auth status Ready
ERROR 2024-05-30T17:34:01.536 tokio-runtime-worker(ThreadId(2)) [1P:native-messaging/op-native-core-integration/src/connection_handler.rs:62] message from b5x was None: EndConnection
ERROR 2024-05-30T17:34:01.536 tokio-runtime-worker(ThreadId(2)) [1P:native-messaging/op-native-core-integration/src/connection_handler.rs:31] Dropping connection with b5x due to error handling incoming message: EndConnection
INFO  2024-05-30T17:34:04.645 tokio-runtime-worker(ThreadId(3)) [1P:native-messaging/op-native-core-integration/src/lib.rs:369] Extension connecting.
INFO  2024-05-30T17:34:04.645 tokio-runtime-worker(ThreadId(3)) [1P:native-messaging/op-native-core-integration/src/lib.rs:371] Extension connection accepted.
ERROR 2024-05-30T17:34:20.589 tokio-runtime-worker(ThreadId(10)) [1P:native-messaging/op-native-core-integration/src/connection_handler.rs:62] message from b5x was None: EndConnection
ERROR 2024-05-30T17:34:20.589 tokio-runtime-worker(ThreadId(10)) [1P:native-messaging/op-native-core-integration/src/connection_handler.rs:31] Dropping connection with b5x due to error handling incoming message: EndConnection
INFO  2024-05-30T17:34:22.533 tokio-runtime-worker(ThreadId(10)) [1P:native-messaging/op-native-core-integration/src/lib.rs:369] Extension connecting.
INFO  2024-05-30T17:34:22.533 tokio-runtime-worker(ThreadId(10)) [1P:native-messaging/op-native-core-integration/src/lib.rs:371] Extension connection accepted.
ERROR 2024-05-30T17:34:56.750 tokio-runtime-worker(ThreadId(3)) [1P:native-messaging/op-native-core-integration/src/connection_handler.rs:62] message from b5x was None: EndConnection
ERROR 2024-05-30T17:34:56.750 tokio-runtime-worker(ThreadId(3)) [1P:native-messaging/op-native-core-integration/src/connection_handler.rs:31] Dropping connection with b5x due to error handling incoming message: EndConnection
INFO  2024-05-30T17:34:57.437 tokio-runtime-worker(ThreadId(3)) [1P:native-messaging/op-native-core-integration/src/lib.rs:369] Extension connecting.
INFO  2024-05-30T17:34:57.437 tokio-runtime-worker(ThreadId(3)) [1P:native-messaging/op-native-core-integration/src/lib.rs:371] Extension connection accepted.
ERROR 2024-06-02T20:06:17.802 tokio-runtime-worker(ThreadId(3)) [1P:native-messaging/op-native-core-integration/src/connection_handler.rs:62] message from b5x was None: EndConnection
ERROR 2024-06-02T20:06:17.802 tokio-runtime-worker(ThreadId(3)) [1P:native-messaging/op-native-core-integration/src/connection_handler.rs:31] Dropping connection with b5x due to error handling incoming message: EndConnection
INFO  2024-06-02T20:06:19.676 tokio-runtime-worker(ThreadId(2)) [1P:app/op-app/src/app/backend/frontend.rs:26] Front end event: window closed
