INFO  2024-06-02T21:11:09.226 ThreadId(19) [client:typescript] Client starting.
WARN  2024-06-02T21:11:10.104 ThreadId(19) [1P:op-crash-reporting/src/killswitch.rs:58] Failed to check Sentry enabled status, Sentry is disabled. Reason: IoError(IoError(error sending request for url (<redacted URL>): operation timed out))
INFO  2024-06-02T21:11:10.105 ThreadId(19) [1P:op-localization/src/lib.rs:232] system locale detected as 'en-US'
INFO  2024-06-02T21:11:10.105 ThreadId(19) [1P:op-localization/src/lib.rs:258] selected translations for EN_US based on detected locale en-US
INFO  2024-06-02T21:11:10.105 ThreadId(19) [status:app/op-app/src/app.rs:590] App::new(1Password for Linux/81033001 (EN_US), /home/$USER/.config/1Password)
INFO  2024-06-02T21:11:10.177 ThreadId(19) [1P:data/op-db/src/common/mod.rs:120] Core DB Table Integrity Check Succeeded
INFO  2024-06-02T21:11:10.178 ThreadId(19) [1P:data/op-db/src/common/mod.rs:134] Core DB Integrity Check Succeeded
INFO  2024-06-02T21:11:10.178 ThreadId(19) [1P:data/op-db/src/core_db/db.rs:164] Starting Core DB at version: 31
INFO  2024-06-02T21:11:10.183 ThreadId(19) [1P:data/op-db/src/common/mod.rs:120] Resources DB Table Integrity Check Succeeded
INFO  2024-06-02T21:11:10.183 ThreadId(19) [1P:data/op-db/src/common/mod.rs:134] Resources DB Integrity Check Succeeded
INFO  2024-06-02T21:11:10.183 ThreadId(19) [1P:data/op-db/src/resources_db/db.rs:133] Starting Resources DB at version: 1
ERROR 2024-06-02T21:11:10.189 ThreadId(19) [1P:/builds/dev/core/core/ssh/op-ssh-config/src/lib.rs:199] Failed to start ssh config file watcher: Io(Os { code: 2, kind: NotFound, message: "No such file or directory" })
INFO  2024-06-02T21:11:10.196 ThreadId(19) [1P:native-messaging/op-nm-installer/src/nix_utils.rs:68] Created NMH manifest at /home/$USER/.config/google-chrome/NativeMessagingHosts/com.1password.1password.json
INFO  2024-06-02T21:11:10.196 ThreadId(19) [1P:native-messaging/op-nm-installer/src/nix_utils.rs:68] Created NMH manifest at /home/$USER/.config/google-chrome-beta/NativeMessagingHosts/com.1password.1password.json
INFO  2024-06-02T21:11:10.196 ThreadId(19) [1P:native-messaging/op-nm-installer/src/nix_utils.rs:68] Created NMH manifest at /home/$USER/.config/google-chrome-unstable/NativeMessagingHosts/com.1password.1password.json
INFO  2024-06-02T21:11:10.196 ThreadId(19) [1P:native-messaging/op-nm-installer/src/nix_utils.rs:68] Created NMH manifest at /home/$USER/.config/chromium/NativeMessagingHosts/com.1password.1password.json
INFO  2024-06-02T21:11:10.196 ThreadId(19) [1P:native-messaging/op-nm-installer/src/nix_utils.rs:68] Created NMH manifest at /home/$USER/.config/microsoft-edge-dev/NativeMessagingHosts/com.1password.1password.json
INFO  2024-06-02T21:11:10.197 ThreadId(19) [1P:native-messaging/op-nm-installer/src/nix_utils.rs:68] Created NMH manifest at /home/$USER/.config/BraveSoftware/Brave-Browser/NativeMessagingHosts/com.1password.1password.json
INFO  2024-06-02T21:11:10.197 ThreadId(19) [1P:native-messaging/op-nm-installer/src/nix_utils.rs:68] Created NMH manifest at /home/$USER/.config/vivaldi/NativeMessagingHosts/com.1password.1password.json
INFO  2024-06-02T21:11:10.197 ThreadId(19) [1P:native-messaging/op-nm-installer/src/nix_utils.rs:68] Created NMH manifest at /home/$USER/.config/vivaldi-snapshot/NativeMessagingHosts/com.1password.1password.json
INFO  2024-06-02T21:11:10.197 ThreadId(19) [1P:native-messaging/op-nm-installer/src/nix_utils.rs:68] Created NMH manifest at /home/$USER/.mozilla/native-messaging-hosts/com.1password.1password.json
INFO  2024-06-02T21:11:10.197 ThreadId(19) [1P:native-messaging/op-nm-installer/src/nix_utils.rs:83] Successfully installed all native messaging manifests.
INFO  2024-06-02T21:11:10.205 tokio-runtime-worker(ThreadId(14)) [1P:native-messaging/op-native-core-integration/src/lib.rs:332] Starting IPC listener on 1Password-BrowserSupport
INFO  2024-06-02T21:11:10.206 tokio-runtime-worker(ThreadId(15)) [1P:native-messaging/op-native-core-integration/src/lib.rs:344] Active native core integration is awaiting messages
INFO  2024-06-02T21:11:10.206 tokio-runtime-worker(ThreadId(15)) [1P:ssh/op-agent-controller/src/lib.rs:502] Starting filesystem watcher for SSH agent configuration directories...
ERROR 2024-06-02T21:11:10.207 tokio-runtime-worker(ThreadId(15)) [1P:/builds/dev/core/core/ssh/op-agent-controller/src/lib.rs:503] Io(Os { code: 2, kind: NotFound, message: "No such file or directory" })
INFO  2024-06-02T21:11:10.775 tokio-runtime-worker(ThreadId(15)) [1P:app/op-app/src/app/backend/lock_screen.rs:88] System unlock is enabled: true
INFO  2024-06-02T21:11:10.776 tokio-runtime-worker(ThreadId(15)) [1P:app/op-app/src/app/backend/lock_screen.rs:116] Sys auth status NotSetup
INFO  2024-06-02T21:11:14.724 tokio-runtime-worker(ThreadId(14)) [1P:app/op-app/src/app/backend/lock_screen.rs:88] System unlock is enabled: true
INFO  2024-06-02T21:11:14.792 tokio-runtime-worker(ThreadId(14)) [1P:/builds/dev/core/core/data/ext/op-account-ext-settings-authentication/src/lib.rs:211] loaded settings authentication key: 53af584d12c35fa2
INFO  2024-06-02T21:11:14.808 tokio-runtime-worker(ThreadId(14)) [1P:data/ext/op-account-ext-items/src/lib.rs:264] loaded 1030 items in 3 vaults for account: REDAIV2ZKVEVFB7Q3GTV5OSLBI
ERROR 2024-06-02T21:11:14.811 tokio-runtime-worker(ThreadId(14)) [1P:op-auto-lock/src/linux.rs:210] Could not connect to the X server: XcbEventError
INFO  2024-06-02T21:11:14.811 tokio-runtime-worker(ThreadId(14)) [1P:data/ext/op-account-ext-settings-authentication/src/lib.rs:278] exactly one existing key found (53af584d12c35fa2). Applying it to any new accounts
INFO  2024-06-02T21:11:14.811 tokio-runtime-worker(ThreadId(14)) [1P:op-settings/src/store/json_store.rs:685] initializing settings authentication with key 53af584d12c35fa2
INFO  2024-06-02T21:11:14.811 tokio-runtime-worker(ThreadId(14)) [1P:app/op-app/src/app/backend/unlock.rs:137] Lock state changed: Unlocked
INFO  2024-06-02T21:11:14.813 tokio-runtime-worker(ThreadId(1)) [1P:op-telemetry/src/middleware/opt_state.rs:111] op-telemetry: account uuid 'REDAIV2ZKVEVFB7Q3GTV5OSLBI' changed telemetry state to Decided(In)
INFO  2024-06-02T21:11:14.887 tokio-runtime-worker(ThreadId(13)) [1P:data/op-account-system-unlock/src/lib.rs:684] Adding system unlock key. Verifying keysets can be decrypted.
INFO  2024-06-02T21:11:14.891 tokio-runtime-worker(ThreadId(13)) [1P:data/op-account-system-unlock/src/lib.rs:690] Adding system unlock key. Encrypting muk.
INFO  2024-06-02T21:11:14.891 ThreadId(23) [1P:data/op-account-system-unlock/src/lib.rs:696] Adding system unlock key. Updating account.
INFO  2024-06-02T21:11:16.335 tokio-runtime-worker(ThreadId(1)) [1P:app/op-app/src/app/backend/unlock.rs:160] Processing unlocked account REDAIV2ZKVEVFB7Q3GTV5OSLBI
INFO  2024-06-02T21:11:17.912 tokio-runtime-worker(ThreadId(2)) [1P:op-b5-client/src/internal/unauthorized_session.rs:1262] Verifying device secret (MFA) with server...
INFO  2024-06-02T21:11:18.266 tokio-runtime-worker(ThreadId(10)) [1P:op-b5-client/src/internal/unauthorized_session.rs:918] Device secret was verified
INFO  2024-06-02T21:11:18.266 tokio-runtime-worker(ThreadId(10)) [1P:op-b5-client/src/internal/unauthorized_session.rs:936] No new device secret was given as current one is still valid and verified
INFO  2024-06-02T21:11:18.722 tokio-runtime-worker(ThreadId(1)) [1P:op-syncer/src/sync_job.rs:357] synced account REDAIV2ZKVEVFB7Q3GTV5OSLBI (0.453967796s)
INFO  2024-06-02T21:11:18.723 tokio-runtime-worker(ThreadId(2)) [1P:data/op-file-transfer/src/lib.rs:603] find_and_complete_pending_uploads: 'REDAIV2ZKVEVFB7Q3GTV5OSLBI'
WARN  2024-06-02T21:11:18.723 tokio-runtime-worker(ThreadId(1)) [1P:app/op-app/src/app/backend/vault_item_snapshot.rs:85] Detailed vault reporting not enabled for account REDAIV2ZKVEVFB7Q3GTV5OSLBI, skipping snapshots sync
INFO  2024-06-02T21:11:19.387 tokio-runtime-worker(ThreadId(10)) [1P:data/ext/op-account-ext-syncer/src/lib.rs:257] The B5 Notifier for (REDAIV2ZKVEVFB7Q3GTV5OSLBI) has connected, now monitoring for events.
INFO  2024-06-02T21:12:16.079 tokio-runtime-worker(ThreadId(15)) [1P:app/op-app/src/app/backend/frontend.rs:26] Front end event: window closed
INFO  2024-06-02T21:12:21.988 tokio-runtime-worker(ThreadId(16)) [1P:native-messaging/op-native-core-integration/src/lib.rs:369] Extension connecting.
INFO  2024-06-02T21:12:21.988 tokio-runtime-worker(ThreadId(16)) [1P:native-messaging/op-native-core-integration/src/lib.rs:371] Extension connection accepted.
ERROR 2024-06-02T21:23:12.909 tokio-runtime-worker(ThreadId(1)) [1P:native-messaging/op-native-core-integration/src/connection_handler.rs:62] message from b5x was None: EndConnection
ERROR 2024-06-02T21:23:12.909 tokio-runtime-worker(ThreadId(1)) [1P:native-messaging/op-native-core-integration/src/connection_handler.rs:31] Dropping connection with b5x due to error handling incoming message: EndConnection
INFO  2024-06-02T21:25:51.661 tokio-runtime-worker(ThreadId(1)) [1P:native-messaging/op-native-core-integration/src/lib.rs:369] Extension connecting.
INFO  2024-06-02T21:25:51.661 tokio-runtime-worker(ThreadId(1)) [1P:native-messaging/op-native-core-integration/src/lib.rs:371] Extension connection accepted.
INFO  2024-06-02T21:48:49.342 tokio-runtime-worker(ThreadId(14)) [1P:app/op-app/src/app/backend/lock.rs:131] Lock state changed: Locked
INFO  2024-06-02T21:48:49.343 tokio-runtime-worker(ThreadId(14)) [1P:app/op-app/src/app/backend/lock.rs:148] Locked. Reason: Automatic(DeviceLocked).
