[2024-01-13 15:15:15.727][verbose] Tunnel state: disconnected
[2024-01-13 15:15:15.728][verbose] Initial: Wrong content height: 593, expected 568
[2024-01-13 15:15:19.168][verbose] Tunnel state: connecting
[2024-01-13 15:15:19.195][verbose] Tunnel state: connecting
[2024-01-13 15:15:19.327][verbose] Tunnel state: connected
[2024-01-13 15:15:41.740][verbose] Tunnel state: connecting
[2024-01-13 15:15:41.741][verbose] Tunnel state: connecting
[2024-01-13 15:15:41.776][verbose] Tunnel state: connected
[2024-01-13 15:34:51.020][verbose] Tunnel state: disconnecting
[2024-01-13 15:34:51.027][verbose] Tunnel state: disconnecting
[2024-01-13 15:34:51.155][verbose] Tunnel state: disconnected
[2024-01-13 15:39:26.024][verbose] Tunnel state: disconnected
[2024-01-13 15:39:26.033][verbose] Tunnel state: disconnected
[2024-01-13 15:39:26.037][error] Failed to update the location: 5 NOT_FOUND: no location was found
[2024-01-13 15:39:26.040][error] Failed to update the location: 5 NOT_FOUND: no location was found
[2024-01-13 15:55:18.063][verbose] Tunnel state: disconnected
[2024-01-13 15:55:18.091][verbose] Tunnel state: disconnected
[2024-01-13 15:55:18.095][error] Failed to update the location: 5 NOT_FOUND: no location was found
[2024-01-13 15:55:18.095][error] Failed to update the location: 5 NOT_FOUND: no location was found
[2024-01-13 16:22:53.066][verbose] Tunnel state: disconnected
[2024-01-13 16:22:53.079][verbose] Tunnel state: disconnected
[2024-01-13 16:22:53.084][error] Failed to update the location: 5 NOT_FOUND: no location was found
[2024-01-13 16:22:53.092][error] Failed to update the location: 5 NOT_FOUND: no location was found
[2024-01-13 19:49:47.215][verbose] Tunnel state: disconnected
[2024-01-13 19:49:47.274][verbose] Tunnel state: disconnected
[2024-01-13 19:49:47.283][error] Failed to update the location: 5 NOT_FOUND: no location was found
[2024-01-13 19:49:47.284][error] Failed to update the location: 5 NOT_FOUND: no location was found
[2024-01-14 07:59:44.910][verbose] Tunnel state: disconnected
[2024-01-14 07:59:44.922][verbose] Tunnel state: disconnected
[2024-01-14 07:59:44.931][error] Failed to update the location: 5 NOT_FOUND: no location was found
[2024-01-14 07:59:44.932][error] Failed to update the location: 5 NOT_FOUND: no location was found
[2024-01-14 09:35:14.834][verbose] Tunnel state: disconnected
[2024-01-14 09:35:14.880][verbose] Tunnel state: disconnected
[2024-01-14 09:35:14.884][error] Failed to update the location: 5 NOT_FOUND: no location was found
[2024-01-14 09:35:14.888][error] Failed to update the location: 5 NOT_FOUND: no location was found
[2024-01-14 10:38:58.815][verbose] Tunnel state: disconnected
[2024-01-14 10:38:58.829][verbose] Tunnel state: disconnected
[2024-01-14 10:38:58.838][error] Failed to update the location: 5 NOT_FOUND: no location was found
[2024-01-14 10:38:58.838][error] Failed to update the location: 5 NOT_FOUND: no location was found
[2024-01-14 10:52:58.814][verbose] Tunnel state: disconnected
[2024-01-14 10:52:58.824][verbose] Tunnel state: disconnected
[2024-01-14 10:52:58.831][error] Failed to update the location: 5 NOT_FOUND: no location was found
[2024-01-14 10:52:58.831][error] Failed to update the location: 5 NOT_FOUND: no location was found
[2024-01-14 19:16:14.143][verbose] Tunnel state: disconnected
[2024-01-14 19:16:14.177][verbose] Tunnel state: disconnected
[2024-01-14 19:16:14.186][error] Failed to update the location: 5 NOT_FOUND: no location was found
[2024-01-14 19:16:14.186][error] Failed to update the location: 5 NOT_FOUND: no location was found
[2024-01-15 09:13:12.321][verbose] Tunnel state: disconnected
[2024-01-15 09:13:12.330][verbose] Tunnel state: disconnected
[2024-01-15 09:13:12.335][error] Failed to update the location: 5 NOT_FOUND: no location was found
[2024-01-15 09:13:12.335][error] Failed to update the location: 5 NOT_FOUND: no location was found
[2024-01-15 12:02:11.871][verbose] Tunnel state: disconnected
[2024-01-15 12:02:11.897][verbose] Tunnel state: disconnected
[2024-01-15 12:02:11.905][error] Failed to update the location: 5 NOT_FOUND: no location was found
[2024-01-15 12:02:11.905][error] Failed to update the location: 5 NOT_FOUND: no location was found
[2024-01-15 13:41:26.817][verbose] Tunnel state: disconnected
[2024-01-15 13:41:27.182][verbose] Tunnel state: disconnected
[2024-01-15 13:41:27.192][error] Failed to update the location: 5 NOT_FOUND: no location was found
[2024-01-15 13:41:27.192][error] Failed to update the location: 5 NOT_FOUND: no location was found
[2024-01-15 14:30:05.832][verbose] Tunnel state: disconnected
[2024-01-15 14:30:05.849][verbose] Tunnel state: disconnected
[2024-01-15 14:30:05.853][error] Failed to update the location: 5 NOT_FOUND: no location was found
[2024-01-15 14:30:05.856][error] Failed to update the location: 5 NOT_FOUND: no location was found
[2024-01-15 16:01:33.828][verbose] Tunnel state: disconnected
[2024-01-15 16:01:33.841][verbose] Tunnel state: disconnected
[2024-01-15 16:01:33.847][error] Failed to update the location: 5 NOT_FOUND: no location was found
[2024-01-15 16:01:33.847][error] Failed to update the location: 5 NOT_FOUND: no location was found
[2024-01-15 16:58:36.057][verbose] Tunnel state: disconnected
[2024-01-15 16:58:36.197][verbose] Tunnel state: disconnected
[2024-01-15 16:58:36.207][error] Failed to update the location: 5 NOT_FOUND: no location was found
[2024-01-15 16:58:36.207][error] Failed to update the location: 5 NOT_FOUND: no location was found
[2024-01-15 16:59:10.808][verbose] Tunnel state: disconnected
[2024-01-15 16:59:10.818][verbose] Tunnel state: disconnected
[2024-01-15 16:59:10.824][error] Failed to update the location: 5 NOT_FOUND: no location was found
[2024-01-15 16:59:10.824][error] Failed to update the location: 5 NOT_FOUND: no location was found
[2024-01-15 17:46:06.912][verbose] Tunnel state: disconnected
[2024-01-15 17:46:06.922][verbose] Tunnel state: disconnected
[2024-01-15 17:46:06.932][error] Failed to update the location: 5 NOT_FOUND: no location was found
[2024-01-15 17:46:06.937][error] Failed to update the location: 5 NOT_FOUND: no location was found
[2024-01-15 18:08:06.073][verbose] Tunnel state: disconnected
[2024-01-15 18:08:06.091][verbose] Tunnel state: disconnected
[2024-01-15 18:08:06.102][error] Failed to update the location: 5 NOT_FOUND: no location was found
[2024-01-15 18:08:06.102][error] Failed to update the location: 5 NOT_FOUND: no location was found
[2024-01-15 19:31:16.746][verbose] Tunnel state: disconnected
[2024-01-15 19:31:16.765][verbose] Tunnel state: disconnected
[2024-01-15 19:31:16.775][error] Failed to update the location: 5 NOT_FOUND: no location was found
[2024-01-15 19:31:16.779][error] Failed to update the location: 5 NOT_FOUND: no location was found
[2024-01-15 22:44:46.337][verbose] Tunnel state: disconnected
[2024-01-15 22:44:46.348][verbose] Tunnel state: disconnected
[2024-01-15 22:44:46.353][error] Failed to update the location: 5 NOT_FOUND: no location was found
[2024-01-15 22:44:46.353][error] Failed to update the location: 5 NOT_FOUND: no location was found
[2024-01-15 23:01:22.105][verbose] Tunnel state: disconnected
[2024-01-15 23:01:22.247][verbose] Tunnel state: disconnected
[2024-01-15 23:01:22.256][error] Failed to update the location: 5 NOT_FOUND: no location was found
[2024-01-15 23:01:22.256][error] Failed to update the location: 5 NOT_FOUND: no location was found
[2024-01-16 07:37:34.284][verbose] Tunnel state: disconnected
[2024-01-16 07:37:34.299][verbose] Tunnel state: disconnected
[2024-01-16 07:37:34.309][error] Failed to update the location: 5 NOT_FOUND: no location was found
[2024-01-16 07:37:34.309][error] Failed to update the location: 5 NOT_FOUND: no location was found
[2024-01-16 09:13:08.265][verbose] Tunnel state: disconnected
[2024-01-16 09:13:08.275][verbose] Tunnel state: disconnected
[2024-01-16 09:13:08.282][error] Failed to update the location: 5 NOT_FOUND: no location was found
[2024-01-16 09:13:08.282][error] Failed to update the location: 5 NOT_FOUND: no location was found
[2024-01-16 09:52:02.066][verbose] Tunnel state: disconnected
[2024-01-16 09:52:02.079][verbose] Tunnel state: disconnected
[2024-01-16 09:52:02.093][error] Failed to update the location: 5 NOT_FOUND: no location was found
[2024-01-16 09:52:02.093][error] Failed to update the location: 5 NOT_FOUND: no location was found
[2024-01-16 13:09:00.991][verbose] Tunnel state: disconnected
[2024-01-16 13:09:01.016][verbose] Tunnel state: disconnected
[2024-01-16 13:09:01.029][error] Failed to update the location: 5 NOT_FOUND: no location was found
[2024-01-16 13:09:01.029][error] Failed to update the location: 5 NOT_FOUND: no location was found
[2024-01-16 13:13:49.139][verbose] Tunnel state: disconnected
[2024-01-16 13:13:49.153][verbose] Tunnel state: disconnected
[2024-01-16 13:13:49.163][error] Failed to update the location: 5 NOT_FOUND: no location was found
[2024-01-16 13:13:49.163][error] Failed to update the location: 5 NOT_FOUND: no location was found
[2024-01-16 16:42:51.268][verbose] Tunnel state: disconnected
[2024-01-16 16:42:51.285][verbose] Tunnel state: disconnected
[2024-01-16 16:42:51.293][error] Failed to update the location: 5 NOT_FOUND: no location was found
[2024-01-16 16:42:51.293][error] Failed to update the location: 5 NOT_FOUND: no location was found
[2024-01-16 18:26:22.063][verbose] Tunnel state: disconnected
[2024-01-16 18:26:22.085][verbose] Tunnel state: disconnected
[2024-01-16 18:26:22.091][error] Failed to update the location: 5 NOT_FOUND: no location was found
[2024-01-16 18:26:22.091][error] Failed to update the location: 5 NOT_FOUND: no location was found
[2024-01-16 19:19:09.978][verbose] Tunnel state: disconnected
[2024-01-16 19:19:09.988][verbose] Tunnel state: disconnected
[2024-01-16 19:19:09.994][error] Failed to update the location: 5 NOT_FOUND: no location was found
[2024-01-16 19:19:09.994][error] Failed to update the location: 5 NOT_FOUND: no location was found
